2023-03-01 10:36:03,501 INFO Set uid to user 0 succeeded
2023-03-01 10:36:03,505 INFO RPC interface 'supervisro' initialized
2023-03-01 10:36:03,505 CRIT Server 'inet_http_server' running without any HTTP authentication checking
2023-03-01 10:36:03,506 INFO daemonizing the supervisord process
2023-03-01 10:36:03,507 INFO supervisord started with pid 90381
2023-03-01 10:36:04,508 INFO spawnerr: can't find command '~/Edulethics-Development/edulethics/venv/bin/gunicorn'
2023-03-01 10:36:05,510 INFO spawnerr: can't find command '~/Edulethics-Development/edulethics/venv/bin/gunicorn'
2023-03-01 10:36:07,512 INFO spawnerr: can't find command '~/Edulethics-Development/edulethics/venv/bin/gunicorn'
2023-03-01 10:36:10,516 INFO spawnerr: can't find command '~/Edulethics-Development/edulethics/venv/bin/gunicorn'
2023-03-01 10:36:10,516 INFO gave up: gunicorn entered FATAL state, too many start retries too quickly
2023-03-01 10:36:33,851 INFO Set uid to user 0 succeeded
2023-03-01 10:37:20,070 INFO Set uid to user 0 succeeded
2023-03-01 10:37:39,809 INFO Set uid to user 0 succeeded
2023-03-01 10:37:39,814 INFO RPC interface 'supervisro' initialized
2023-03-01 10:37:39,814 CRIT Server 'inet_http_server' running without any HTTP authentication checking
2023-03-01 10:37:39,815 INFO daemonizing the supervisord process
2023-03-01 10:37:39,815 INFO supervisord started with pid 90409
2023-03-01 10:37:40,817 INFO spawnerr: can't find command '~/Edulethics-Development/edulethics/venv/bin/gunicorn'
2023-03-01 10:37:41,818 INFO spawnerr: can't find command '~/Edulethics-Development/edulethics/venv/bin/gunicorn'
2023-03-01 10:37:43,821 INFO spawnerr: can't find command '~/Edulethics-Development/edulethics/venv/bin/gunicorn'
2023-03-01 10:37:46,825 INFO spawnerr: can't find command '~/Edulethics-Development/edulethics/venv/bin/gunicorn'
2023-03-01 10:37:46,825 INFO gave up: gunicorn entered FATAL state, too many start retries too quickly
2023-03-04 07:57:55,335 WARN received SIGHUP indicating restart request
2023-03-04 07:57:55,340 INFO Set uid to user 0 succeeded
2023-03-04 07:57:55,340 INFO RPC interface 'supervisro' initialized
2023-03-04 07:57:55,340 CRIT Server 'inet_http_server' running without any HTTP authentication checking
2023-03-04 07:57:55,340 INFO supervisord started with pid 90409
2023-03-04 07:57:55,620 WARN received SIGHUP indicating restart request
2023-03-04 07:57:55,628 INFO Set uid to user 0 succeeded
2023-03-04 07:57:56,342 INFO spawnerr: can't find command '~/Edulethics-Development/edulethics/venv/bin/gunicorn'
2023-03-04 07:57:57,344 INFO spawnerr: can't find command '~/Edulethics-Development/edulethics/venv/bin/gunicorn'
2023-03-04 07:57:59,346 INFO spawnerr: can't find command '~/Edulethics-Development/edulethics/venv/bin/gunicorn'
2023-03-04 07:58:02,350 INFO spawnerr: can't find command '~/Edulethics-Development/edulethics/venv/bin/gunicorn'
2023-03-04 07:58:02,350 INFO gave up: gunicorn entered FATAL state, too many start retries too quickly
